# JRE version: OpenJDK Runtime Environment Temurin-17.0.4+8 (17.0.4+8) (build 17.0.4+8)
# Java VM: OpenJDK 64-Bit Server VM Temurin-17.0.4+8 (17.0.4+8, mixed mode, sharing, tiered, compressed oops, compressed class ptrs, g1 gc, windows-amd64)
GC Precious Log:
 CPUs: 12 total, 12 available
 Memory: 16234M
 Large Page Support: Disabled
 NUMA Support: Disabled
 Compressed Oops: Enabled (32-bit)
 Heap Region Size: 1M
 Heap Min Capacity: 8M
 Heap Initial Capacity: 254M
 Heap Max Capacity: 1536M
 Pre-touch: Disabled
 Parallel Workers: 10
 Concurrent Workers: 3
 Concurrent Refinement Workers: 10
 Periodic GC: Disabled
Heap:
 garbage-first heap   total 196608K, used 98155K [0x00000000a0000000, 0x0000000100000000)
  region size 1024K, 24 young (24576K), 5 survivors (5120K)
 Metaspace       used 65632K, committed 66304K, reserved 1105920K
  class space    used 9021K, committed 9344K, reserved 1048576K
GC Heap History (20 events):
Event: 8.504 GC heap before
{Heap before GC invocations=19 (full 0):
 garbage-first heap   total 107520K, used 77005K [0x00000000a0000000, 0x0000000100000000)
  region size 1024K, 22 young (22528K), 1 survivors (1024K)
 Metaspace       used 50757K, committed 51328K, reserved 1097728K
  class space    used 6882K, committed 7168K, reserved 1048576K
}
Event: 8.507 GC heap after
{Heap after GC invocations=20 (full 0):
 garbage-first heap   total 107520K, used 56445K [0x00000000a0000000, 0x0000000100000000)
  region size 1024K, 2 young (2048K), 2 survivors (2048K)
 Metaspace       used 50757K, committed 51328K, reserved 1097728K
  class space    used 6882K, committed 7168K, reserved 1048576K
}
Event: 8.928 GC heap before
{Heap before GC invocations=21 (full 0):
 garbage-first heap   total 107520K, used 78973K [0x00000000a0000000, 0x0000000100000000)
  region size 1024K, 25 young (25600K), 2 survivors (2048K)
 Metaspace       used 52445K, committed 52992K, reserved 1097728K
  class space    used 7103K, committed 7360K, reserved 1048576K
}
Event: 8.932 GC heap after
{Heap after GC invocations=22 (full 0):
 garbage-first heap   total 107520K, used 58953K [0x00000000a0000000, 0x0000000100000000)
  region size 1024K, 4 young (4096K), 4 survivors (4096K)
 Metaspace       used 52445K, committed 52992K, reserved 1097728K
  class space    used 7103K, committed 7360K, reserved 1048576K
}
Event: 8.957 GC heap before
{Heap before GC invocations=22 (full 0):
 garbage-first heap   total 107520K, used 59977K [0x00000000a0000000, 0x0000000100000000)
  region size 1024K, 5 young (5120K), 4 survivors (4096K)
 Metaspace       used 52543K, committed 53056K, reserved 1097728K
  class space    used 7114K, committed 7360K, reserved 1048576K
}
Event: 8.963 GC heap after
{Heap after GC invocations=23 (full 0):
 garbage-first heap   total 107520K, used 58794K [0x00000000a0000000, 0x0000000100000000)
  region size 1024K, 1 young (1024K), 1 survivors (1024K)
 Metaspace       used 52543K, committed 53056K, reserved 1097728K
  class space    used 7114K, committed 7360K, reserved 1048576K
}
Event: 9.403 GC heap before
{Heap before GC invocations=23 (full 0):
 garbage-first heap   total 107520K, used 80298K [0x00000000a0000000, 0x0000000100000000)
  region size 1024K, 24 young (24576K), 1 survivors (1024K)
 Metaspace       used 54378K, committed 54848K, reserved 1097728K
  class space    used 7320K, committed 7552K, reserved 1048576K
}
Event: 9.405 GC heap after
{Heap after GC invocations=24 (full 0):
 garbage-first heap   total 107520K, used 60063K [0x00000000a0000000, 0x0000000100000000)
  region size 1024K, 2 young (2048K), 2 survivors (2048K)
 Metaspace       used 54378K, committed 54848K, reserved 1097728K
  class space    used 7320K, committed 7552K, reserved 1048576K
}
Event: 9.886 GC heap before
{Heap before GC invocations=25 (full 0):
 garbage-first heap   total 107520K, used 84639K [0x00000000a0000000, 0x0000000100000000)
  region size 1024K, 25 young (25600K), 2 survivors (2048K)
 Metaspace       used 56605K, committed 57088K, reserved 1105920K
  class space    used 7610K, committed 7872K, reserved 1048576K
}
Event: 9.888 GC heap after
{Heap after GC invocations=26 (full 0):
 garbage-first heap   total 107520K, used 60668K [0x00000000a0000000, 0x0000000100000000)
  region size 1024K, 3 young (3072K), 3 survivors (3072K)
 Metaspace       used 56605K, committed 57088K, reserved 1105920K
  class space    used 7610K, committed 7872K, reserved 1048576K
}
Event: 9.938 GC heap before
{Heap before GC invocations=26 (full 0):
 garbage-first heap   total 107520K, used 62716K [0x00000000a0000000, 0x0000000100000000)
  region size 1024K, 5 young (5120K), 3 survivors (3072K)
 Metaspace       used 56832K, committed 57344K, reserved 1105920K
  class space    used 7638K, committed 7872K, reserved 1048576K
}
Event: 9.941 GC heap after
{Heap after GC invocations=27 (full 0):
 garbage-first heap   total 107520K, used 60585K [0x00000000a0000000, 0x0000000100000000)
  region size 1024K, 1 young (1024K), 1 survivors (1024K)
 Metaspace       used 56832K, committed 57344K, reserved 1105920K
  class space    used 7638K, committed 7872K, reserved 1048576K
}
Event: 10.499 GC heap before
{Heap before GC invocations=27 (full 0):
 garbage-first heap   total 107520K, used 85161K [0x00000000a0000000, 0x0000000100000000)
  region size 1024K, 25 young (25600K), 1 survivors (1024K)
 Metaspace       used 57645K, committed 58176K, reserved 1105920K
  class space    used 7707K, committed 7936K, reserved 1048576K
}
Event: 10.505 GC heap after
{Heap after GC invocations=28 (full 0):
 garbage-first heap   total 196608K, used 61886K [0x00000000a0000000, 0x0000000100000000)
  region size 1024K, 2 young (2048K), 2 survivors (2048K)
 Metaspace       used 57645K, committed 58176K, reserved 1105920K
  class space    used 7707K, committed 7936K, reserved 1048576K
}
Event: 11.525 GC heap before
{Heap before GC invocations=29 (full 0):
 garbage-first heap   total 196608K, used 149950K [0x00000000a0000000, 0x0000000100000000)
  region size 1024K, 85 young (87040K), 2 survivors (2048K)
 Metaspace       used 59003K, committed 59648K, reserved 1105920K
  class space    used 7892K, committed 8192K, reserved 1048576K
}
Event: 11.532 GC heap after
{Heap after GC invocations=30 (full 0):
 garbage-first heap   total 196608K, used 75131K [0x00000000a0000000, 0x0000000100000000)
  region size 1024K, 11 young (11264K), 11 survivors (11264K)
 Metaspace       used 59003K, committed 59648K, reserved 1105920K
  class space    used 7892K, committed 8192K, reserved 1048576K
}
Event: 11.547 GC heap before
{Heap before GC invocations=30 (full 0):
 garbage-first heap   total 196608K, used 76155K [0x00000000a0000000, 0x0000000100000000)
  region size 1024K, 12 young (12288K), 11 survivors (11264K)
 Metaspace       used 59088K, committed 59712K, reserved 1105920K
  class space    used 7905K, committed 8192K, reserved 1048576K
}
Event: 11.553 GC heap after
{Heap after GC invocations=31 (full 0):
 garbage-first heap   total 196608K, used 76150K [0x00000000a0000000, 0x0000000100000000)
  region size 1024K, 2 young (2048K), 2 survivors (2048K)
 Metaspace       used 59088K, committed 59712K, reserved 1105920K
  class space    used 7905K, committed 8192K, reserved 1048576K
}
Event: 12.777 GC heap before
{Heap before GC invocations=31 (full 0):
 garbage-first heap   total 196608K, used 149878K [0x00000000a0000000, 0x0000000100000000)
  region size 1024K, 74 young (75776K), 2 survivors (2048K)
 Metaspace       used 64951K, committed 65664K, reserved 1105920K
  class space    used 8894K, committed 9216K, reserved 1048576K
}
Event: 12.783 GC heap after
{Heap after GC invocations=32 (full 0):
 garbage-first heap   total 196608K, used 79723K [0x00000000a0000000, 0x0000000100000000)
  region size 1024K, 5 young (5120K), 5 survivors (5120K)
 Metaspace       used 64951K, committed 65664K, reserved 1105920K
  class space    used 8894K, committed 9216K, reserved 1048576K
}

